빌드 시작: 2017-04-06 오후 9:44:08
     1>2 노드의 "D:\170405_AMI_REMASTER\AMI_REMASTER\FaceRecognizerForDLL\FaceRecognizerForDLL\FaceRecognizerForDLL.vcxproj" 프로젝트(Build 대상)입니다.
     1>ClCompile:
         C:\Program Files (x86)\Microsoft Visual Studio 11.0\VC\bin\x86_amd64\CL.exe /c /I../3rd/inc /Zi /nologo /W3 /WX- /sdl /Od /D WIN32 /D _DEBUG /D _CONSOLE /D _UNICODE /D UNICODE /Gm /EHsc /RTC1 /MDd /GS /fp:precise /Zc:wchar_t /Zc:forScope /Yu"stdafx.h" /Fp"x64\Debug\FaceRecognizerForDLL.pch" /Fo"x64\Debug\\" /Fd"x64\Debug\vc110.pdb" /Gd /TP /errorReport:prompt FaceRecognizerForDLL.cpp
         FaceRecognizerForDLL.cpp
     1>D:\170405_AMI_REMASTER\AMI_REMASTER\FaceRecognizerForDLL\3rd\inc\ACF\ACF.h(77): warning C4251: 'CACF::m_DetectionResultVector' : class 'std::vector<_Ty>'에서는 class 'CACF'의 클라이언트에서 DLL 인터페이스를 사용하도록 지정해야 합니다.
                 with
                 [
                     _Ty=stDetection
                 ]
     1>D:\170405_AMI_REMASTER\AMI_REMASTER\FaceRecognizerForDLL\3rd\inc\ACF\ACF.h(78): warning C4251: 'CACF::m_RawDetectionResultVector' : class 'std::vector<_Ty>'에서는 class 'CACF'의 클라이언트에서 DLL 인터페이스를 사용하도록 지정해야 합니다.
                 with
                 [
                     _Ty=stDetection
                 ]
     1>D:\170405_AMI_REMASTER\AMI_REMASTER\FaceRecognizerForDLL\3rd\inc\ACF\ACF.h(79): warning C4251: 'CACF::m_DetectionResultVectorOneCam' : class 'std::vector<_Ty>'에서는 class 'CACF'의 클라이언트에서 DLL 인터페이스를 사용하도록 지정해야 합니다.
                 with
                 [
                     _Ty=stDetection
                 ]
     1>D:\170405_AMI_REMASTER\AMI_REMASTER\FaceRecognizerForDLL\3rd\inc\ACF\ACF.h(81): warning C4251: 'CACF::m_scales' : class 'std::vector<_Ty>'에서는 class 'CACF'의 클라이언트에서 DLL 인터페이스를 사용하도록 지정해야 합니다.
                 with
                 [
                     _Ty=double
                 ]
     1>D:\170405_AMI_REMASTER\AMI_REMASTER\FaceRecognizerForDLL\3rd\inc\ACF\ACF.h(82): warning C4251: 'CACF::m_scaleshw' : class 'std::vector<_Ty>'에서는 class 'CACF'의 클라이언트에서 DLL 인터페이스를 사용하도록 지정해야 합니다.
                 with
                 [
                     _Ty=cv::Size2d
                 ]
     1>D:\170405_AMI_REMASTER\AMI_REMASTER\FaceRecognizerForDLL\3rd\inc\ACF\ACF.h(83): warning C4251: 'CACF::m_ImgSize' : class 'cv::Size_<_Tp>'에서는 class 'CACF'의 클라이언트에서 DLL 인터페이스를 사용하도록 지정해야 합니다.
                 with
                 [
                     _Tp=double
                 ]
     1>D:\170405_AMI_REMASTER\AMI_REMASTER\FaceRecognizerForDLL\3rd\inc\ACF\ACF.h(84): warning C4251: 'CACF::m_pyr_chn_concat' : class 'std::vector<_Ty>'에서는 class 'CACF'의 클라이언트에서 DLL 인터페이스를 사용하도록 지정해야 합니다.
                 with
                 [
                     _Ty=mxArray *
                 ]
     1>D:\170405_AMI_REMASTER\AMI_REMASTER\FaceRecognizerForDLL\3rd\inc\ACF\ACF.h(85): warning C4251: 'CACF::m_pyr_chn' : class 'std::vector<_Ty>'에서는 class 'CACF'의 클라이언트에서 DLL 인터페이스를 사용하도록 지정해야 합니다.
                 with
                 [
                     _Ty=std::vector<mxArray *>
                 ]
     1>D:\170405_AMI_REMASTER\AMI_REMASTER\FaceRecognizerForDLL\3rd\inc\ACF\ACF.h(88): warning C4251: 'CACF::m_isR' : class 'std::vector<_Ty>'에서는 class 'CACF'의 클라이언트에서 DLL 인터페이스를 사용하도록 지정해야 합니다.
                 with
                 [
                     _Ty=int
                 ]
     1>D:\170405_AMI_REMASTER\AMI_REMASTER\FaceRecognizerForDLL\3rd\inc\ACF\ACF.h(89): warning C4251: 'CACF::m_isA' : class 'std::vector<_Ty>'에서는 class 'CACF'의 클라이언트에서 DLL 인터페이스를 사용하도록 지정해야 합니다.
                 with
                 [
                     _Ty=int
                 ]
     1>D:\170405_AMI_REMASTER\AMI_REMASTER\FaceRecognizerForDLL\3rd\inc\ACF\ACF.h(90): warning C4251: 'CACF::m_isJ' : class 'std::vector<_Ty>'에서는 class 'CACF'의 클라이언트에서 DLL 인터페이스를 사용하도록 지정해야 합니다.
                 with
                 [
                     _Ty=int
                 ]
     1>D:\170405_AMI_REMASTER\AMI_REMASTER\FaceRecognizerForDLL\3rd\inc\ACF\ACF.h(91): warning C4251: 'CACF::m_isN' : class 'std::vector<_Ty>'에서는 class 'CACF'의 클라이언트에서 DLL 인터페이스를 사용하도록 지정해야 합니다.
                 with
                 [
                     _Ty=int
                 ]
     1>D:\170405_AMI_REMASTER\AMI_REMASTER\FaceRecognizerForDLL\3rd\inc\vggFace/vgg_face_network.h(64): warning C4251: 'vgg_face_network::model_path' : class 'std::basic_string<_Elem,_Traits,_Alloc>'에서는 class 'vgg_face_network'의 클라이언트에서 DLL 인터페이스를 사용하도록 지정해야 합니다.
                 with
                 [
                     _Elem=char,
                     _Traits=std::char_traits<char>,
                     _Alloc=std::allocator<char>
                 ]
     1>D:\170405_AMI_REMASTER\AMI_REMASTER\FaceRecognizerForDLL\3rd\inc\vggFace/vgg_face_network.h(65): warning C4251: 'vgg_face_network::meta_path' : class 'std::basic_string<_Elem,_Traits,_Alloc>'에서는 class 'vgg_face_network'의 클라이언트에서 DLL 인터페이스를 사용하도록 지정해야 합니다.
                 with
                 [
                     _Elem=char,
                     _Traits=std::char_traits<char>,
                     _Alloc=std::allocator<char>
                 ]
     1>D:\170405_AMI_REMASTER\AMI_REMASTER\FaceRecognizerForDLL\3rd\inc\vggFace/vgg_face_network.h(89): warning C4251: 'vgg_face_network::context' : class 'vl::Context'에서는 class 'vgg_face_network'의 클라이언트에서 DLL 인터페이스를 사용하도록 지정해야 합니다.
                 D:\170405_AMI_REMASTER\AMI_REMASTER\FaceRecognizerForDLL\3rd\inc\matconvnet/bits/data.hpp(144) : 'vl::Context' 선언을 참조하십시오.
     1>FaceRecognizerForDLL.cpp(82): warning C4309: '초기화 중' : 상수 값이 잘립니다.
       Link:
         C:\Program Files (x86)\Microsoft Visual Studio 11.0\VC\bin\x86_amd64\link.exe /ERRORREPORT:PROMPT /OUT:"D:\170405_AMI_REMASTER\AMI_REMASTER\FaceRecognizerForDLL\x64\Debug\FaceRecognizerForDLL.exe" /INCREMENTAL /NOLOGO /LIBPATH:../3rd/lib/x64 PSN_Whod.lib vggface2vs.lib "ACF-DLL.lib" opencv_calib3d249d.lib opencv_contrib249d.lib opencv_core249d.lib opencv_features2d249d.lib opencv_flann249d.lib opencv_gpu249d.lib opencv_highgui249d.lib opencv_imgproc249d.lib opencv_legacy249d.lib opencv_ml249d.lib opencv_objdetect249d.lib opencv_ts249d.lib opencv_video249d.lib opencv_nonfree249d.lib kernel32.lib user32.lib gdi32.lib winspool.lib comdlg32.lib advapi32.lib shell32.lib ole32.lib oleaut32.lib uuid.lib odbc32.lib odbccp32.lib /MANIFEST /MANIFESTUAC:"level='asInvoker' uiAccess='false'" /manifest:embed /DEBUG /PDB:"D:\170405_AMI_REMASTER\AMI_REMASTER\FaceRecognizerForDLL\x64\Debug\FaceRecognizerForDLL.pdb" /SUBSYSTEM:CONSOLE /TLBID:1 /DYNAMICBASE /NXCOMPAT /IMPLIB:"D:\170405_AMI_REMASTER\AMI_REMASTER\FaceRecognizerForDLL\x64\Debug\FaceRecognizerForDLL.lib" /MACHINE:X64 x64\Debug\FaceRecognizerForDLL.obj
         x64\Debug\stdafx.obj
         FaceRecognizerForDLL.vcxproj -> D:\170405_AMI_REMASTER\AMI_REMASTER\FaceRecognizerForDLL\x64\Debug\FaceRecognizerForDLL.exe
     1>"D:\170405_AMI_REMASTER\AMI_REMASTER\FaceRecognizerForDLL\FaceRecognizerForDLL\FaceRecognizerForDLL.vcxproj" 프로젝트를 빌드했습니다(Build 대상).

빌드했습니다.

경과 시간: 00:00:02.08
