 Name : SW4_9 ==> Target=( 1 0 )  Actual=[ 0.999710 0.000290 ]  yes
 Name : SW6_9 ==> Target=( 0 1 )  Actual=[ 0.000010 0.999990 ]  yes
 Name : SW29_0 ==> Target=( 0 1 )  Actual=[ 0.000016 0.999984 ]  yes
 Name : SW32_19 ==> Target=( 0 1 )  Actual=[ 0.000010 0.999990 ]  yes
 Name : SW40_7 ==> Target=( 1 0 )  Actual=[ 0.999446 0.000554 ]  yes
 Name : SW41_1 ==> Target=( 0 1 )  Actual=[ 0.000010 0.999990 ]  yes
 Name : SW41_4 ==> Target=( 1 0 )  Actual=[ 0.997904 0.002096 ]  yes
 Name : SW42_10 ==> Target=( 1 0 )  Actual=[ 0.999699 0.000301 ]  yes
 Name : SW70_20 ==> Target=( 1 0 )  Actual=[ 0.999821 0.000179 ]  yes
 Name : SW72_7 ==> Target=( 1 0 )  Actual=[ 0.999608 0.000392 ]  yes
 Name : SW110_5 ==> Target=( 0 1 )  Actual=[ 0.000010 0.999990 ]  yes
 Name : SW112_3 ==> Target=( 1 0 )  Actual=[ 0.980773 0.019227 ]  yes
 Name : SW115_6 ==> Target=( 1 0 )  Actual=[ 0.997389 0.002611 ]  yes
 Name : SW118_6 ==> Target=( 1 0 )  Actual=[ 0.982719 0.017281 ]  yes
 Name : SW119_0 ==> Target=( 0 1 )  Actual=[ 0.000010 0.999990 ]  yes
 Name : SW120_0 ==> Target=( 0 1 )  Actual=[ 0.017512 0.982488 ]  yes
 Name : SW45_3 ==> Target=( 0 1 )  Actual=[ 0.000010 0.999990 ]  yes
 Name : SW42_5 ==> Target=( 1 0 )  Actual=[ 0.997253 0.002747 ]  yes
 Name : SW31_3 ==> Target=( 0 1 )  Actual=[ 0.000010 0.999990 ]  yes
 Name : SW27_6 ==> Target=( 0 1 )  Actual=[ 0.000010 0.999990 ]  yes
 Name : SW4_4 ==> Target=( 0 1 )  Actual=[ 0.008334 0.991666 ]  yes
 Name : SW4_8 ==> Target=( 0 1 )  Actual=[ 0.006939 0.993061 ]  yes
 Name : SW6_3 ==> Target=( 0 1 )  Actual=[ 0.999887 0.000113 ]  no !!!!!
input pattern count = 23
correct recognition pattern count = 22
percent = 95.652176

input Swing pattern = 10
Police percent = 90.000000
