101.12.16 19:04 B C:\temp\MV\KaleidoScope\EmotionPanel.aps <-- goodness /jhlee/jhlee/EmotionPanel/KaleidoScope EmotionPanel.aps
101.12.16 19:04 B C:\temp\MV\KaleidoScope\EmotionPanel.clw <-- goodness /jhlee/jhlee/EmotionPanel/KaleidoScope EmotionPanel.clw
101.12.16 19:04 B C:\temp\MV\KaleidoScope\EmotionPanel.cpp <-- goodness /jhlee/jhlee/EmotionPanel/KaleidoScope EmotionPanel.cpp
101.12.16 19:04 B C:\temp\MV\KaleidoScope\EmotionPanel.dsp <-- goodness /jhlee/jhlee/EmotionPanel/KaleidoScope EmotionPanel.dsp
101.12.16 19:04 B C:\temp\MV\KaleidoScope\EmotionPanel.dsw <-- goodness /jhlee/jhlee/EmotionPanel/KaleidoScope EmotionPanel.dsw
101.12.16 19:04 B C:\temp\MV\KaleidoScope\EmotionPanel.exe <-- goodness /jhlee/jhlee/EmotionPanel/KaleidoScope EmotionPanel.exe
101.12.16 19:04 B C:\temp\MV\KaleidoScope\EmotionPanel.h <-- goodness /jhlee/jhlee/EmotionPanel/KaleidoScope EmotionPanel.h
101.12.16 19:04 B C:\temp\MV\KaleidoScope\EmotionPanel.ncb <-- goodness /jhlee/jhlee/EmotionPanel/KaleidoScope EmotionPanel.ncb
101.12.16 19:04 B C:\temp\MV\KaleidoScope\EmotionPanel.opt <-- goodness /jhlee/jhlee/EmotionPanel/KaleidoScope EmotionPanel.opt
101.12.16 19:04 B C:\temp\MV\KaleidoScope\EmotionPanel.plg <-- goodness /jhlee/jhlee/EmotionPanel/KaleidoScope EmotionPanel.plg
101.12.16 19:04 B C:\temp\MV\KaleidoScope\EmotionPanel.rc <-- goodness /jhlee/jhlee/EmotionPanel/KaleidoScope EmotionPanel.rc
101.12.16 19:04 B C:\temp\MV\KaleidoScope\EmotionPanelHeart.exe <-- goodness /jhlee/jhlee/EmotionPanel/KaleidoScope EmotionPanelHeart.exe
101.12.16 19:04 B C:\temp\MV\KaleidoScope\Heart.cpp <-- goodness /jhlee/jhlee/EmotionPanel/KaleidoScope Heart.cpp
101.12.16 19:04 B C:\temp\MV\KaleidoScope\Heart.h <-- goodness /jhlee/jhlee/EmotionPanel/KaleidoScope Heart.h
101.12.16 19:04 B C:\temp\MV\KaleidoScope\HUD.cpp <-- goodness /jhlee/jhlee/EmotionPanel/KaleidoScope HUD.cpp
101.12.16 19:04 B C:\temp\MV\KaleidoScope\HUD.h <-- goodness /jhlee/jhlee/EmotionPanel/KaleidoScope HUD.h
101.12.16 19:04 B C:\temp\MV\KaleidoScope\MainFrm.cpp <-- goodness /jhlee/jhlee/EmotionPanel/KaleidoScope MainFrm.cpp
101.12.16 19:04 B C:\temp\MV\KaleidoScope\MainFrm.h <-- goodness /jhlee/jhlee/EmotionPanel/KaleidoScope MainFrm.h
101.12.16 19:04 B C:\temp\MV\KaleidoScope\OpenGLWnd.cpp <-- goodness /jhlee/jhlee/EmotionPanel/KaleidoScope OpenGLWnd.cpp
101.12.16 19:04 B C:\temp\MV\KaleidoScope\OpenGLWnd.h <-- goodness /jhlee/jhlee/EmotionPanel/KaleidoScope OpenGLWnd.h
101.12.16 19:04 B C:\temp\MV\KaleidoScope\Resource.h <-- goodness /jhlee/jhlee/EmotionPanel/KaleidoScope Resource.h
101.12.16 19:04 B C:\temp\MV\KaleidoScope\StdAfx.cpp <-- goodness /jhlee/jhlee/EmotionPanel/KaleidoScope StdAfx.cpp
101.12.16 19:04 B C:\temp\MV\KaleidoScope\StdAfx.h <-- goodness /jhlee/jhlee/EmotionPanel/KaleidoScope StdAfx.h
