빌드 시작: 2017-04-06 오후 7:29:07
     1>2 노드의 "D:\170405_AMI_REMASTER\AMI_REMASTER\Example_MFC_MessageCall\MFCApplication1\MFCApplication1.vcxproj" 프로젝트(Build 대상)입니다.
     1>ClCompile:
         C:\Program Files (x86)\Microsoft Visual Studio 11.0\VC\bin\x86_amd64\CL.exe /c /Zi /nologo /W3 /WX- /sdl /Od /D WIN32 /D _WINDOWS /D _DEBUG /D _UNICODE /D UNICODE /D _AFXDLL /Gm /EHsc /RTC1 /MDd /GS /fp:precise /Zc:wchar_t /Zc:forScope /Yc"stdafx.h" /Fp"x64\Debug\MFCApplication1.pch" /Fo"x64\Debug\\" /Fd"x64\Debug\vc110.pdb" /Gd /TP /errorReport:prompt stdafx.cpp
         stdafx.cpp
         C:\Program Files (x86)\Microsoft Visual Studio 11.0\VC\bin\x86_amd64\CL.exe /c /Zi /nologo /W3 /WX- /sdl /Od /D WIN32 /D _WINDOWS /D _DEBUG /D _UNICODE /D UNICODE /D _AFXDLL /Gm /EHsc /RTC1 /MDd /GS /fp:precise /Zc:wchar_t /Zc:forScope /Yu"stdafx.h" /Fp"x64\Debug\MFCApplication1.pch" /Fo"x64\Debug\\" /Fd"x64\Debug\vc110.pdb" /Gd /TP /errorReport:prompt MFCApplication1.cpp MFCApplication1Dlg.cpp
         MFCApplication1Dlg.cpp
     1>MFCApplication1Dlg.cpp(188): warning C4244: '초기화 중' : 'LPARAM'에서 'int'(으)로 변환하면서 데이터가 손실될 수 있습니다.
     1>MFCApplication1Dlg.cpp(186): warning C4101: 'buf' :참조되지 않은 지역 변수입니다.
         MFCApplication1.cpp
         코드를 생성하고 있습니다...
       ResourceCompile:
         C:\Program Files (x86)\Windows Kits\8.0\bin\x86\rc.exe /D _DEBUG /D _UNICODE /D UNICODE /D _AFXDLL /l"0x0412" /Ix64\Debug\ /nologo /fo"x64\Debug\MFCApplication1.res" MFCApplication1.rc 
       Link:
         C:\Program Files (x86)\Microsoft Visual Studio 11.0\VC\bin\x86_amd64\link.exe /ERRORREPORT:PROMPT /OUT:"D:\170405_AMI_REMASTER\AMI_REMASTER\Example_MFC_MessageCall\x64\Debug\MFCApplication1.exe" /INCREMENTAL /NOLOGO /MANIFEST /MANIFESTUAC:"level='asInvoker' uiAccess='false'" /manifest:embed /manifestinput:"C:\Program Files (x86)\Microsoft Visual Studio 11.0\VC\Include\Manifest\dpiaware.manifest" /DEBUG /PDB:"D:\170405_AMI_REMASTER\AMI_REMASTER\Example_MFC_MessageCall\x64\Debug\MFCApplication1.pdb" /SUBSYSTEM:WINDOWS /TLBID:1 /ENTRY:"wWinMainCRTStartup" /DYNAMICBASE /NXCOMPAT /IMPLIB:"D:\170405_AMI_REMASTER\AMI_REMASTER\Example_MFC_MessageCall\x64\Debug\MFCApplication1.lib" /MACHINE:X64 x64\Debug\MFCApplication1.res
         x64\Debug\MFCApplication1.obj
         x64\Debug\MFCApplication1Dlg.obj
         x64\Debug\stdafx.obj
         MFCApplication1.vcxproj -> D:\170405_AMI_REMASTER\AMI_REMASTER\Example_MFC_MessageCall\x64\Debug\MFCApplication1.exe
     1>"D:\170405_AMI_REMASTER\AMI_REMASTER\Example_MFC_MessageCall\MFCApplication1\MFCApplication1.vcxproj" 프로젝트를 빌드했습니다(Build 대상).

빌드했습니다.

경과 시간: 00:00:03.46
