 Name : ±â»İ ==> Target=( 1 0 0 0 )  Actual=[ 0.998712 0.000664 0.000664 0.000659 ]  yes
 Name : ±â»İ ==> Target=( 1 0 0 0 )  Actual=[ 0.998705 0.000664 0.000668 0.000659 ]  yes
 Name : ±â»İ ==> Target=( 1 0 0 0 )  Actual=[ 0.998712 0.000664 0.000664 0.000659 ]  yes
 Name : ±â»İ ==> Target=( 1 0 0 0 )  Actual=[ 0.998712 0.000664 0.000664 0.000659 ]  yes
 Name : ±â»İ ==> Target=( 1 0 0 0 )  Actual=[ 0.998712 0.000664 0.000664 0.000659 ]  yes
 Name : ±â»İ ==> Target=( 1 0 0 0 )  Actual=[ 0.998712 0.000664 0.000664 0.000659 ]  yes
 Name : ±â»İ ==> Target=( 1 0 0 0 )  Actual=[ 0.998712 0.000664 0.000664 0.000659 ]  yes
 Name : ±â»İ ==> Target=( 1 0 0 0 )  Actual=[ 0.998712 0.000664 0.000664 0.000659 ]  yes
 Name : ±â»İ ==> Target=( 1 0 0 0 )  Actual=[ 0.998712 0.000664 0.000664 0.000659 ]  yes
 Name : ±â»İ ==> Target=( 1 0 0 0 )  Actual=[ 0.999990 0.000010 0.000013 0.000083 ]  yes
 Name : ±â»İ ==> Target=( 1 0 0 0 )  Actual=[ 0.999990 0.000010 0.000010 0.000094 ]  yes
 Name : ±â»İ ==> Target=( 1 0 0 0 )  Actual=[ 0.999990 0.000010 0.000010 0.000096 ]  yes
 Name : ±â»İ ==> Target=( 1 0 0 0 )  Actual=[ 0.999990 0.000010 0.000010 0.000096 ]  yes
 Name : ±â»İ ==> Target=( 1 0 0 0 )  Actual=[ 0.999990 0.000010 0.000010 0.000095 ]  yes
 Name : ±â»İ ==> Target=( 1 0 0 0 )  Actual=[ 0.998712 0.000664 0.000664 0.000659 ]  yes
 Name : ±â»İ ==> Target=( 1 0 0 0 )  Actual=[ 0.998712 0.000664 0.000664 0.000659 ]  yes
 Name : ±â»İ ==> Target=( 1 0 0 0 )  Actual=[ 0.998712 0.000664 0.000664 0.000659 ]  yes
 Name : ±â»İ ==> Target=( 1 0 0 0 )  Actual=[ 0.998712 0.000664 0.000664 0.000659 ]  yes
 Name : ±â»İ ==> Target=( 1 0 0 0 )  Actual=[ 0.998712 0.000664 0.000664 0.000659 ]  yes
 Name : ±â»İ ==> Target=( 1 0 0 0 )  Actual=[ 0.998712 0.000664 0.000664 0.000659 ]  yes
 Name : È­³² ==> Target=( 0 0 1 0 )  Actual=[ 0.000793 0.000331 0.999383 0.000203 ]  yes
 Name : È­³² ==> Target=( 0 0 1 0 )  Actual=[ 0.000793 0.000331 0.999383 0.000203 ]  yes
 Name : È­³² ==> Target=( 0 0 1 0 )  Actual=[ 0.000793 0.000331 0.999383 0.000203 ]  yes
 Name : È­³² ==> Target=( 0 0 1 0 )  Actual=[ 0.000793 0.000331 0.999383 0.000203 ]  yes
 Name : È­³² ==> Target=( 0 0 1 0 )  Actual=[ 0.000793 0.000331 0.999383 0.000203 ]  yes
 Name : È­³² ==> Target=( 0 0 1 0 )  Actual=[ 0.000793 0.000331 0.999383 0.000203 ]  yes
 Name : È­³² ==> Target=( 0 0 1 0 )  Actual=[ 0.000793 0.000331 0.999383 0.000203 ]  yes
 Name : È­³² ==> Target=( 0 0 1 0 )  Actual=[ 0.000793 0.000331 0.999383 0.000203 ]  yes
 Name : È­³² ==> Target=( 0 0 1 0 )  Actual=[ 0.000793 0.000331 0.999383 0.000203 ]  yes
 Name : È­³² ==> Target=( 0 0 1 0 )  Actual=[ 0.000793 0.000331 0.999383 0.000203 ]  yes
 Name : È­³² ==> Target=( 0 0 1 0 )  Actual=[ 0.000793 0.000331 0.999383 0.000203 ]  yes
 Name : È­³² ==> Target=( 0 0 1 0 )  Actual=[ 0.000793 0.000331 0.999383 0.000203 ]  yes
 Name : È­³² ==> Target=( 0 0 1 0 )  Actual=[ 0.000793 0.000331 0.999383 0.000203 ]  yes
 Name : È­³² ==> Target=( 0 0 1 0 )  Actual=[ 0.000793 0.000331 0.999383 0.000203 ]  yes
 Name : È­³² ==> Target=( 0 0 1 0 )  Actual=[ 0.000793 0.000331 0.999383 0.000203 ]  yes
 Name : È­³² ==> Target=( 0 0 1 0 )  Actual=[ 0.000793 0.000331 0.999383 0.000203 ]  yes
 Name : È­³² ==> Target=( 0 0 1 0 )  Actual=[ 0.000793 0.000331 0.999383 0.000203 ]  yes
 Name : È­³² ==> Target=( 0 0 1 0 )  Actual=[ 0.000793 0.000331 0.999383 0.000203 ]  yes
 Name : È­³² ==> Target=( 0 0 1 0 )  Actual=[ 0.000793 0.000331 0.999383 0.000203 ]  yes
 Name : È­³² ==> Target=( 0 0 1 0 )  Actual=[ 0.000793 0.000331 0.999383 0.000203 ]  yes
 Name : ½½ÇÄ ==> Target=( 0 1 0 0 )  Actual=[ 0.000816 0.999368 0.000010 0.000081 ]  yes
 Name : ½½ÇÄ ==> Target=( 0 1 0 0 )  Actual=[ 0.000817 0.999368 0.000010 0.000081 ]  yes
 Name : ½½ÇÄ ==> Target=( 0 1 0 0 )  Actual=[ 0.000816 0.999368 0.000010 0.000081 ]  yes
 Name : ½½ÇÄ ==> Target=( 0 1 0 0 )  Actual=[ 0.000816 0.999368 0.000010 0.000081 ]  yes
 Name : ½½ÇÄ ==> Target=( 0 1 0 0 )  Actual=[ 0.000816 0.999368 0.000010 0.000081 ]  yes
 Name : ½½ÇÄ ==> Target=( 0 1 0 0 )  Actual=[ 0.000816 0.999368 0.000010 0.000081 ]  yes
 Name : ½½ÇÄ ==> Target=( 0 1 0 0 )  Actual=[ 0.000079 0.999289 0.000010 0.000066 ]  yes
 Name : ½½ÇÄ ==> Target=( 0 1 0 0 )  Actual=[ 0.000816 0.999368 0.000010 0.000081 ]  yes
 Name : ½½ÇÄ ==> Target=( 0 1 0 0 )  Actual=[ 0.000076 0.999287 0.000010 0.000066 ]  yes
 Name : ½½ÇÄ ==> Target=( 0 1 0 0 )  Actual=[ 0.000816 0.999368 0.000010 0.000081 ]  yes
 Name : ½½ÇÄ ==> Target=( 0 1 0 0 )  Actual=[ 0.000125 0.999305 0.000010 0.000069 ]  yes
 Name : ½½ÇÄ ==> Target=( 0 1 0 0 )  Actual=[ 0.000814 0.999368 0.000010 0.000081 ]  yes
 Name : ½½ÇÄ ==> Target=( 0 1 0 0 )  Actual=[ 0.000093 0.999294 0.000010 0.000067 ]  yes
 Name : ½½ÇÄ ==> Target=( 0 1 0 0 )  Actual=[ 0.000810 0.999368 0.000010 0.000081 ]  yes
 Name : ½½ÇÄ ==> Target=( 0 1 0 0 )  Actual=[ 0.000816 0.999368 0.000010 0.000081 ]  yes
 Name : ½½ÇÄ ==> Target=( 1 0 0 0 )  Actual=[ 0.000241 0.999328 0.000010 0.000073 ]  no !!!!!
 Name : ½½ÇÄ ==> Target=( 1 0 0 0 )  Actual=[ 0.000015 0.999225 0.000036 0.000057 ]  no !!!!!
 Name : ½½ÇÄ ==> Target=( 1 0 0 0 )  Actual=[ 0.000816 0.999368 0.000010 0.000081 ]  no !!!!!
 Name : ½½ÇÄ ==> Target=( 1 0 0 0 )  Actual=[ 0.000811 0.999368 0.000010 0.000081 ]  no !!!!!
 Name : ½½ÇÄ ==> Target=( 1 0 0 0 )  Actual=[ 0.000792 0.999367 0.000010 0.000081 ]  no !!!!!
 Name : Æò»ó ==> Target=( 0 0 0 1 )  Actual=[ 0.000200 0.000010 0.000011 0.999426 ]  yes
 Name : Æò»ó ==> Target=( 0 0 0 1 )  Actual=[ 0.000214 0.000010 0.000010 0.999429 ]  yes
 Name : Æò»ó ==> Target=( 0 0 0 1 )  Actual=[ 0.003572 0.000010 0.000010 0.999552 ]  yes
 Name : Æò»ó ==> Target=( 0 0 0 1 )  Actual=[ 0.000154 0.000010 0.000014 0.999413 ]  yes
 Name : Æò»ó ==> Target=( 0 0 0 1 )  Actual=[ 0.000124 0.000010 0.000018 0.999402 ]  yes
 Name : Æò»ó ==> Target=( 0 0 0 1 )  Actual=[ 0.000195 0.000010 0.000011 0.999425 ]  yes
 Name : Æò»ó ==> Target=( 0 0 0 1 )  Actual=[ 0.000196 0.000010 0.000011 0.999425 ]  yes
 Name : Æò»ó ==> Target=( 0 0 0 1 )  Actual=[ 0.000265 0.000014 0.000010 0.999333 ]  yes
 Name : Æò»ó ==> Target=( 0 0 0 1 )  Actual=[ 0.000191 0.000010 0.000011 0.999424 ]  yes
 Name : Æò»ó ==> Target=( 0 0 0 1 )  Actual=[ 0.000109 0.000010 0.000021 0.999395 ]  yes
 Name : Æò»ó ==> Target=( 0 0 0 1 )  Actual=[ 0.000233 0.000010 0.000010 0.999433 ]  yes
 Name : Æò»ó ==> Target=( 0 0 0 1 )  Actual=[ 0.000177 0.000010 0.000012 0.999415 ]  yes
 Name : Æò»ó ==> Target=( 0 0 0 1 )  Actual=[ 0.000168 0.000010 0.000014 0.999401 ]  yes
 Name : Æò»ó ==> Target=( 0 0 0 1 )  Actual=[ 0.000202 0.000010 0.000011 0.999427 ]  yes
 Name : Æò»ó ==> Target=( 0 0 0 1 )  Actual=[ 0.000090 0.000010 0.000025 0.999385 ]  yes
 Name : Æò»ó ==> Target=( 0 0 0 1 )  Actual=[ 0.000394 0.000010 0.000010 0.999458 ]  yes
 Name : Æò»ó ==> Target=( 0 0 0 1 )  Actual=[ 0.000065 0.000010 0.000036 0.999368 ]  yes
 Name : Æò»ó ==> Target=( 0 0 0 1 )  Actual=[ 0.000057 0.000010 0.000041 0.999360 ]  yes
 Name : Æò»ó ==> Target=( 0 0 0 1 )  Actual=[ 0.000128 0.000010 0.000017 0.999404 ]  yes
 Name : Æò»ó ==> Target=( 0 0 0 1 )  Actual=[ 0.000077 0.000010 0.000030 0.999377 ]  yes
input pattern count = 80
correct recognition pattern count = 75
percent = 93.750000

