 Name : ±â»İ ==> Target=( 1 0 0 0 )  Actual=[ 0.999990 0.000082 0.000010 0.000010 ]  yes
 Name : ±â»İ ==> Target=( 1 0 0 0 )  Actual=[ 0.999990 0.000052 0.000010 0.000010 ]  yes
 Name : ±â»İ ==> Target=( 1 0 0 0 )  Actual=[ 0.999990 0.000020 0.000010 0.000010 ]  yes
 Name : ±â»İ ==> Target=( 1 0 0 0 )  Actual=[ 0.999990 0.000010 0.000182 0.000010 ]  yes
 Name : ±â»İ ==> Target=( 1 0 0 0 )  Actual=[ 0.999990 0.000010 0.000025 0.000010 ]  yes
 Name : ±â»İ ==> Target=( 1 0 0 0 )  Actual=[ 0.998832 0.001043 0.000010 0.000080 ]  yes
 Name : ±â»İ ==> Target=( 1 0 0 0 )  Actual=[ 0.998832 0.001043 0.000010 0.000080 ]  yes
 Name : ±â»İ ==> Target=( 1 0 0 0 )  Actual=[ 0.998832 0.001043 0.000010 0.000080 ]  yes
 Name : ±â»İ ==> Target=( 1 0 0 0 )  Actual=[ 0.999923 0.000044 0.000010 0.000010 ]  yes
 Name : ±â»İ ==> Target=( 1 0 0 0 )  Actual=[ 0.998832 0.001043 0.000010 0.000080 ]  yes
 Name : ±â»İ ==> Target=( 1 0 0 0 )  Actual=[ 0.998832 0.001043 0.000010 0.000080 ]  yes
 Name : ±â»İ ==> Target=( 1 0 0 0 )  Actual=[ 0.998832 0.001043 0.000010 0.000080 ]  yes
 Name : ±â»İ ==> Target=( 1 0 0 0 )  Actual=[ 0.998832 0.001043 0.000010 0.000080 ]  yes
 Name : ±â»İ ==> Target=( 1 0 0 0 )  Actual=[ 0.998832 0.001043 0.000010 0.000080 ]  yes
 Name : ±â»İ ==> Target=( 1 0 0 0 )  Actual=[ 0.998832 0.001043 0.000010 0.000080 ]  yes
 Name : ±â»İ ==> Target=( 1 0 0 0 )  Actual=[ 0.999990 0.000010 0.000910 0.000010 ]  yes
 Name : ±â»İ ==> Target=( 1 0 0 0 )  Actual=[ 0.999990 0.000010 0.000910 0.000010 ]  yes
 Name : ±â»İ ==> Target=( 1 0 0 0 )  Actual=[ 0.999990 0.000010 0.000910 0.000010 ]  yes
 Name : ±â»İ ==> Target=( 1 0 0 0 )  Actual=[ 0.996696 0.000010 0.003124 0.001187 ]  yes
 Name : ±â»İ ==> Target=( 1 0 0 0 )  Actual=[ 0.999990 0.000010 0.000910 0.000010 ]  yes
 Name : È­³² ==> Target=( 0 0 1 0 )  Actual=[ 0.000010 0.000010 0.999558 0.000554 ]  yes
 Name : È­³² ==> Target=( 0 0 1 0 )  Actual=[ 0.000010 0.000010 0.999558 0.000554 ]  yes
 Name : È­³² ==> Target=( 0 0 1 0 )  Actual=[ 0.000010 0.000010 0.999557 0.000554 ]  yes
 Name : È­³² ==> Target=( 0 0 1 0 )  Actual=[ 0.000010 0.000010 0.999558 0.000554 ]  yes
 Name : È­³² ==> Target=( 0 0 1 0 )  Actual=[ 0.000010 0.000010 0.999558 0.000554 ]  yes
 Name : È­³² ==> Target=( 0 0 1 0 )  Actual=[ 0.000010 0.000010 0.999558 0.000554 ]  yes
 Name : È­³² ==> Target=( 0 0 1 0 )  Actual=[ 0.000010 0.000010 0.999558 0.000554 ]  yes
 Name : È­³² ==> Target=( 0 0 1 0 )  Actual=[ 0.000010 0.000010 0.999556 0.000555 ]  yes
 Name : È­³² ==> Target=( 0 0 1 0 )  Actual=[ 0.001151 0.001159 0.998479 0.000010 ]  yes
 Name : È­³² ==> Target=( 0 0 1 0 )  Actual=[ 0.001151 0.001159 0.998479 0.000010 ]  yes
 Name : È­³² ==> Target=( 0 0 1 0 )  Actual=[ 0.001150 0.001165 0.998473 0.000010 ]  yes
 Name : È­³² ==> Target=( 0 0 1 0 )  Actual=[ 0.000010 0.000010 0.999558 0.000554 ]  yes
 Name : È­³² ==> Target=( 0 0 1 0 )  Actual=[ 0.000010 0.000010 0.999558 0.000554 ]  yes
 Name : È­³² ==> Target=( 0 0 1 0 )  Actual=[ 0.001151 0.001159 0.998479 0.000010 ]  yes
 Name : È­³² ==> Target=( 0 0 1 0 )  Actual=[ 0.001151 0.001159 0.998479 0.000010 ]  yes
 Name : È­³² ==> Target=( 0 0 1 0 )  Actual=[ 0.001151 0.001159 0.998479 0.000010 ]  yes
 Name : È­³² ==> Target=( 0 0 1 0 )  Actual=[ 0.001151 0.001159 0.998479 0.000010 ]  yes
 Name : È­³² ==> Target=( 0 0 1 0 )  Actual=[ 0.000010 0.000010 0.999558 0.000554 ]  yes
 Name : È­³² ==> Target=( 0 0 1 0 )  Actual=[ 0.000010 0.000010 0.999552 0.000556 ]  yes
 Name : È­³² ==> Target=( 0 0 1 0 )  Actual=[ 0.000010 0.000010 0.999547 0.000558 ]  yes
 Name : ½½ÇÄ ==> Target=( 0 1 0 0 )  Actual=[ 0.000059 0.999938 0.001621 0.000010 ]  yes
 Name : ½½ÇÄ ==> Target=( 0 1 0 0 )  Actual=[ 0.000059 0.999938 0.001621 0.000010 ]  yes
 Name : ½½ÇÄ ==> Target=( 0 1 0 0 )  Actual=[ 0.000059 0.999938 0.001621 0.000010 ]  yes
 Name : ½½ÇÄ ==> Target=( 0 1 0 0 )  Actual=[ 0.000059 0.999938 0.001621 0.000010 ]  yes
 Name : ½½ÇÄ ==> Target=( 0 1 0 0 )  Actual=[ 0.000059 0.999938 0.001621 0.000010 ]  yes
 Name : ½½ÇÄ ==> Target=( 0 1 0 0 )  Actual=[ 0.000010 0.998847 0.000196 0.000037 ]  yes
 Name : ½½ÇÄ ==> Target=( 0 1 0 0 )  Actual=[ 0.000010 0.998847 0.000196 0.000037 ]  yes
 Name : ½½ÇÄ ==> Target=( 0 1 0 0 )  Actual=[ 0.000010 0.998828 0.000200 0.000036 ]  yes
 Name : ½½ÇÄ ==> Target=( 0 1 0 0 )  Actual=[ 0.000010 0.998847 0.000196 0.000037 ]  yes
 Name : ½½ÇÄ ==> Target=( 0 1 0 0 )  Actual=[ 0.000010 0.998847 0.000196 0.000037 ]  yes
 Name : ½½ÇÄ ==> Target=( 0 1 0 0 )  Actual=[ 0.000010 0.998847 0.000196 0.000037 ]  yes
 Name : ½½ÇÄ ==> Target=( 0 1 0 0 )  Actual=[ 0.000010 0.998847 0.000196 0.000037 ]  yes
 Name : ½½ÇÄ ==> Target=( 0 1 0 0 )  Actual=[ 0.000010 0.998847 0.000196 0.000037 ]  yes
 Name : ½½ÇÄ ==> Target=( 0 1 0 0 )  Actual=[ 0.000010 0.998847 0.000196 0.000037 ]  yes
 Name : ½½ÇÄ ==> Target=( 0 1 0 0 )  Actual=[ 0.000010 0.998847 0.000196 0.000037 ]  yes
 Name : ½½ÇÄ ==> Target=( 0 1 0 0 )  Actual=[ 0.000010 0.998847 0.000196 0.000037 ]  yes
 Name : ½½ÇÄ ==> Target=( 0 1 0 0 )  Actual=[ 0.000010 0.998847 0.000196 0.000037 ]  yes
 Name : ½½ÇÄ ==> Target=( 0 1 0 0 )  Actual=[ 0.000010 0.998847 0.000196 0.000037 ]  yes
 Name : ½½ÇÄ ==> Target=( 0 1 0 0 )  Actual=[ 0.000010 0.998847 0.000196 0.000037 ]  yes
 Name : ½½ÇÄ ==> Target=( 0 1 0 0 )  Actual=[ 0.000010 0.998847 0.000197 0.000037 ]  yes
 Name : Æò»ó ==> Target=( 0 0 0 1 )  Actual=[ 0.002603 0.000010 0.000010 0.999700 ]  yes
 Name : Æò»ó ==> Target=( 0 0 0 1 )  Actual=[ 0.002599 0.000010 0.000010 0.999701 ]  yes
 Name : Æò»ó ==> Target=( 0 0 0 1 )  Actual=[ 0.000320 0.000152 0.000010 0.999973 ]  yes
 Name : Æò»ó ==> Target=( 0 0 0 1 )  Actual=[ 0.000319 0.000154 0.000010 0.999973 ]  yes
 Name : Æò»ó ==> Target=( 0 0 0 1 )  Actual=[ 0.000332 0.000123 0.000010 0.999971 ]  yes
 Name : Æò»ó ==> Target=( 0 0 0 1 )  Actual=[ 0.000010 0.001119 0.000676 0.999357 ]  yes
 Name : Æò»ó ==> Target=( 0 0 0 1 )  Actual=[ 0.000010 0.001119 0.000676 0.999357 ]  yes
 Name : Æò»ó ==> Target=( 0 0 0 1 )  Actual=[ 0.000010 0.001119 0.000676 0.999357 ]  yes
 Name : Æò»ó ==> Target=( 0 0 0 1 )  Actual=[ 0.000010 0.001119 0.000676 0.999357 ]  yes
 Name : Æò»ó ==> Target=( 0 0 0 1 )  Actual=[ 0.000010 0.001119 0.000676 0.999357 ]  yes
 Name : Æò»ó ==> Target=( 0 0 0 1 )  Actual=[ 0.000010 0.001119 0.000676 0.999357 ]  yes
 Name : Æò»ó ==> Target=( 0 0 0 1 )  Actual=[ 0.000010 0.001119 0.000676 0.999357 ]  yes
 Name : Æò»ó ==> Target=( 0 0 0 1 )  Actual=[ 0.000010 0.001119 0.000676 0.999357 ]  yes
 Name : Æò»ó ==> Target=( 0 0 0 1 )  Actual=[ 0.000010 0.001116 0.000674 0.999357 ]  yes
 Name : Æò»ó ==> Target=( 0 0 0 1 )  Actual=[ 0.000010 0.001047 0.000727 0.999309 ]  yes
 Name : Æò»ó ==> Target=( 0 0 0 1 )  Actual=[ 0.000103 0.000010 0.000010 0.999669 ]  yes
 Name : Æò»ó ==> Target=( 0 0 0 1 )  Actual=[ 0.000013 0.000010 0.000010 0.999648 ]  yes
 Name : Æò»ó ==> Target=( 0 0 0 1 )  Actual=[ 0.000010 0.000010 0.000010 0.999615 ]  yes
 Name : Æò»ó ==> Target=( 0 0 0 1 )  Actual=[ 0.000105 0.000010 0.000010 0.999669 ]  yes
 Name : Æò»ó ==> Target=( 0 0 0 1 )  Actual=[ 0.000010 0.000010 0.000010 0.999597 ]  yes
input pattern count = 80
correct recognition pattern count = 80
percent = 100.000000

